<?xml version="1.0" encoding="UTF-8"?>
<!-- Generated by org.testng.reporters.JUnitReportReporter -->
<testsuite hostname="BCP-AQ021972" failures="0" tests="1" name="autoit.a1" time="11.928" errors="0" timestamp="2023-08-16T09:08:32 GMT-04:00" skipped="0">
  <testcase classname="autoit.a1" name="t1" time="11.928"/>
</testsuite> <!-- autoit.a1 -->
