<?xml version="1.0" encoding="UTF-8"?>
<!-- Generated by org.testng.reporters.JUnitReportReporter -->
<testsuite hostname="BCP-AQ021972" failures="0" tests="3" name="testngdependency.d2" time="0.008" errors="0" timestamp="2023-08-07T07:27:02 GMT-04:00" skipped="0">
  <testcase classname="testngdependency.d2" name="ab" time="0.006"/>
  <testcase classname="testngdependency.d2" name="bc" time="0.001"/>
  <testcase classname="testngdependency.d2" name="letters" time="0.001"/>
</testsuite> <!-- testngdependency.d2 -->
