<?xml version="1.0" encoding="UTF-8"?>
<!-- Generated by org.testng.reporters.JUnitReportReporter -->
<testsuite hostname="BCP-AQ021972" failures="0" tests="3" name="testngattributes.t1" time="0.010" errors="0" timestamp="2023-08-02T11:25:14 GMT-04:00" skipped="1">
  <testcase classname="testngattributes.t1" name="m2" time="0.008"/>
  <testcase classname="testngattributes.t1" name="ab" time="0.002"/>
  <testcase classname="testngattributes.t1" name="m1">
    <skipped/>
  </testcase> <!-- m1 -->
</testsuite> <!-- testngattributes.t1 -->
