<?xml version="1.0" encoding="UTF-8"?>
<!-- Generated by org.testng.reporters.JUnitReportReporter -->
<testsuite hostname="BCP-AQ021972" failures="0" tests="3" name="dataprovider.f1" time="30.099" errors="0" timestamp="2023-08-11T11:08:52 GMT-04:00" skipped="0">
  <testcase classname="dataprovider.f1" name="DataProvSampleTest" time="15.775"/>
  <testcase classname="dataprovider.f1" name="DataProvSampleTest" time="6.706"/>
  <testcase classname="dataprovider.f1" name="DataProvSampleTest" time="7.618"/>
</testsuite> <!-- dataprovider.f1 -->
