<?xml version="1.0" encoding="UTF-8"?>
<!-- Generated by org.testng.reporters.JUnitReportReporter -->
<testsuite hostname="BCP-AQ021972" failures="0" tests="2" name="testngdependency.d1" time="0.007" errors="0" timestamp="2023-08-07T07:18:34 GMT-04:00" skipped="0">
  <testcase classname="testngdependency.d1" name="vstng" time="0.006"/>
  <testcase classname="testngdependency.d1" name="lgg" time="0.001"/>
</testsuite> <!-- testngdependency.d1 -->
