<?xml version="1.0" encoding="UTF-8"?>
<!-- Generated by org.testng.reporters.JUnitReportReporter -->
<testsuite hostname="BCP-AQ021972" failures="0" tests="1" name="extentre.c1" time="4.891" errors="0" timestamp="2023-08-16T08:27:32 GMT-04:00" skipped="0">
  <testcase classname="extentre.c1" name="extentReportsDemo" time="4.891"/>
</testsuite> <!-- extentre.c1 -->
