<?xml version="1.0" encoding="UTF-8"?>
<!-- Generated by org.testng.reporters.JUnitReportReporter -->
<testsuite hostname="BCP-AQ021972" failures="0" tests="8" name="testngdependency.real" time="18.273" errors="0" timestamp="2023-08-07T07:56:09 GMT-04:00" skipped="0">
  <testcase classname="testngdependency.real" name="visiting" time="3.770"/>
  <testcase classname="testngdependency.real" name="max" time="0.126"/>
  <testcase classname="testngdependency.real" name="refresh" time="0.017"/>
  <testcase classname="testngdependency.real" name="refresh" time="1.045"/>
  <testcase classname="testngdependency.real" name="refresh" time="0.757"/>
  <testcase classname="testngdependency.real" name="refresh" time="1.025"/>
  <testcase classname="testngdependency.real" name="clicking" time="8.365"/>
  <testcase classname="testngdependency.real" name="closing" time="3.168"/>
</testsuite> <!-- testngdependency.real -->
